0 24
1 6683
0 6683
1 24
0.862382585359 0.862382585359
0 6683
1 24
0.862382585359 0.862382585359
0 6628
1 79
0.854182197704 0.862382585359
0 6073
1 634
0 6073
1 634
0.9604890413 0.9604890413
0 6073
1 634
0.9604890413 0.9604890413
0 6073
1 634
0.9604890413 0.9604890413
0 4357
1 2350
0.783658863874 0.9604890413
Name : 0_nasal
Subset 1 : set([1])
Subset 0 : set([0])
Best nc : 2
Best ng : 0.2
Best acc : 0.9604890413
Best f1 : [ 0.97769548  0.82713633]
0 294
1 2958
0 2972
1 280
0.982779827798 0.987084870849
0 315
1 2937
0 2991
1 261
0.976937269373 0.991082410824
0 2991
1 261
0.976937269373 0.991082410824
0 2972
1 280
0.982779827798 0.991082410824
0 2937
1 315
0.991082410824 0.991082410824
0 2937
1 315
0.991082410824 0.991082410824
0 2937
1 315
0.991082410824 0.991082410824
Name : 0_no
Subset 1 : set([0])
Subset 0 : set([1])
Best nc : 2
Best ng : 0.075
Best acc : 0.991082410824
Best f1 : [ 0.99504528  0.95545315]
0 2114
1 13
0 2095
1 32
0 1924
1 203
0 1924
1 203
0.937940761636 0.937940761636
0 1924
1 203
0.937940761636 0.937940761636
0 1890
1 237
0 413
1 1714
0 413
1 1714
0.963328631876 0.963328631876
0 413
1 1714
0.963328631876 0.963328631876
Name : 0_non-nasal
Subset 1 : set([0])
Subset 0 : set([1])
Best nc : 2
Best ng : 0.75
Best acc : 0.963328631876
Best f1 : [ 0.97775242  0.89572193]
0 1116
1 11
0 1116
1 11
0.72049689441 0.72049689441
0 1116
1 11
0.72049689441 0.72049689441
0 1095
1 32
0.701863354037 0.72049689441
0 1079
1 48
0 940
1 187
0 892
1 235
0 940
1 187
0.896184560781 0.938775510204
0 489
1 638
0.835847382431 0.938775510204
Name : 1_nasal
Subset 1 : set([1])
Subset 0 : set([0])
Best nc : 2
Best ng : 0.75
Best acc : 0.938775510204
Best f1 : [ 0.95976676  0.87198516]
0 116
1 2647
0 2679
1 84
0.980817951502 0.987332609482
0 2679
1 84
0.980817951502 0.987332609482
0 2679
1 84
0.980817951502 0.987332609482
0 104
1 2659
0.986608758596 0.987332609482
0 296
1 2467
0.942453854506 0.987332609482
0 296
1 2467
0.942453854506 0.987332609482
0 296
1 2467
0.942453854506 0.987332609482
0 296
1 2467
0.942453854506 0.987332609482
Name : 1_no
Subset 1 : set([0])
Subset 0 : set([1])
Best nc : 2
Best ng : 0.025
Best acc : 0.987332609482
Best f1 : [ 0.99336241  0.86166008]
0 3943
1 7
0 3909
1 41
0 3782
1 168
0 243
1 3707
0 3782
1 168
0.894683544304 0.913670886076
0 3782
1 168
0.894683544304 0.913670886076
0 3599
1 351
0 3599
1 351
0.94 0.94
0 3599
1 351
0.94 0.94
Name : 1_non-nasal
Subset 1 : set([1])
Subset 0 : set([0])
Best nc : 2
Best ng : 0.75
Best acc : 0.94
Best f1 : [ 0.96597272  0.74652406]
0 1591
1 1
0 1584
1 8
0 1591
1 1
0.765075376884 0.769472361809
0 1591
1 1
0.765075376884 0.769472361809
0 1479
1 113
0 288
1 1304
0 1304
1 288
0.945351758794 0.945351758794
0 1304
1 288
0.945351758794 0.945351758794
0 1304
1 288
0.945351758794 0.945351758794
Name : 2_nasal
Subset 1 : set([0])
Subset 0 : set([1])
Best nc : 2
Best ng : 0.5
Best acc : 0.945351758794
Best f1 : [ 0.96548988  0.86877828]
0 2242
1 4
0 2242
1 4
0.849065004452 0.849065004452
0 326
1 1920
0 2242
1 4
0.849065004452 0.986197684773
0 2135
1 111
0.896705253785 0.986197684773
0 326
1 1920
0.986197684773 0.986197684773
0 1962
1 284
0.972840605521 0.986197684773
0 1962
1 284
0.972840605521 0.986197684773
0 1962
1 284
0.972840605521 0.986197684773
Name : 2_no
Subset 1 : set([0])
Subset 0 : set([1])
Best nc : 2
Best ng : 0.075
Best acc : 0.986197684773
Best f1 : [ 0.99189118  0.95366218]
0 2312
1 1
0 2312
1 1
0.79074794639 0.79074794639
0 2279
1 34
0 2312
1 1
0.79074794639 0.805015131863
0 2104
1 209
0 384
1 1929
0 1995
1 318
0.927799394725 0.955469087765
0 1995
1 318
0.927799394725 0.955469087765
0 1995
1 318
0.927799394725 0.955469087765
Name : 2_non-nasal
Subset 1 : set([0])
Subset 0 : set([1])
Best nc : 2
Best ng : 0.5
Best acc : 0.955469087765
Best f1 : [ 0.97258451  0.88147296]
0 554
1 2
0 10
1 546
0.548561151079 0.562949640288
0 554
1 2
0.562949640288 0.562949640288
0 15
1 541
0.539568345324 0.562949640288
0 541
1 15
0.539568345324 0.562949640288
0 411
1 145
0 357
1 199
0.791366906475 0.827338129496
0 357
1 199
0.791366906475 0.827338129496
0 357
1 199
0.791366906475 0.827338129496
Name : 3_nasal
Subset 1 : set([1])
Subset 0 : set([0])
Best nc : 2
Best ng : 0.5
Best acc : 0.827338129496
Best f1 : [ 0.8677686   0.75129534]
0 2690
1 21
0 296
1 2415
0 2645
1 66
0.898192548875 0.983032091479
0 2502
1 209
0.959793434157 0.983032091479
0 2502
1 209
0.959793434157 0.983032091479
0 346
1 2365
0 471
1 2240
0.942825525636 0.984507561785
0 471
1 2240
0.942825525636 0.984507561785
0 471
1 2240
0.942825525636 0.984507561785
Name : 3_no
Subset 1 : set([0])
Subset 0 : set([1])
Best nc : 2
Best ng : 0.5
Best acc : 0.984507561785
Best f1 : [ 0.99117276  0.93674699]
0 2177
1 3
0 2158
1 22
0 108
1 2072
0 2072
1 108
0.878440366972 0.878440366972
0 2072
1 108
0.878440366972 0.878440366972
0 339
1 1841
0 1841
1 339
0.94495412844 0.94495412844
0 1841
1 339
0.94495412844 0.94495412844
0 1841
1 339
0.94495412844 0.94495412844
Name : 3_non-nasal
Subset 1 : set([0])
Subset 0 : set([1])
Best nc : 2
Best ng : 0.5
Best acc : 0.94495412844
Best f1 : [ 0.96710526  0.83146067]
0 1924
1 3
0 25
1 1902
0.79190451479 0.803321224702
0 1902
1 25
0.79190451479 0.803321224702
0 1924
1 3
0.803321224702 0.803321224702
0 1692
1 235
0 1692
1 235
0.926829268293 0.926829268293
0 1692
1 235
0.926829268293 0.926829268293
0 1692
1 235
0.926829268293 0.926829268293
0 1502
1 425
Name : 4_nasal
Subset 1 : set([1])
Subset 0 : set([0])
Best nc : 2
Best ng : 0.9
Best acc : 0.95796574987
Best f1 : [ 0.97346872  0.8988764 ]
0 843
1 7
0 843
1 7
0.870588235294 0.870588235294
0 843
1 7
0.870588235294 0.870588235294
0 780
1 70
0 79
1 771
0 780
1 70
0.961176470588 0.971764705882
0 120
1 730
0 120
1 730
0.98 0.98
0 730
1 120
0.98 0.98
Name : 4_no
Subset 1 : set([0])
Subset 0 : set([1])
Best nc : 2
Best ng : 0.75
Best acc : 0.98
Best f1 : [ 0.98849018  0.92376682]
0 237
1 43
0 237
1 43
0.878571428571 0.878571428571
0 46
1 234
0 46
1 234
0.889285714286 0.889285714286
0 46
1 234
0.889285714286 0.889285714286
0 46
1 234
0.889285714286 0.889285714286
0 234
1 46
0.889285714286 0.889285714286
0 234
1 46
0.889285714286 0.889285714286
0 234
1 46
0.889285714286 0.889285714286
Name : 4_non-nasal
Subset 1 : set([0])
Subset 0 : set([1])
Best nc : 2
Best ng : 0.075
Best acc : 0.889285714286
Best f1 : [ 0.92906178  0.74796748]
0 21
1 6686
0 6686
1 21
0.862829879231 0.862829879231
0 82
1 6625
0.853734903832 0.862829879231
0 6625
1 82
0.853734903832 0.862829879231
0 6074
1 633
0 6074
1 633
0.960339943343 0.960339943343
0 6074
1 633
0.960339943343 0.960339943343
0 6074
1 633
0.960339943343 0.960339943343
0 5300
1 1407
0.924258237662 0.960339943343
Name : 0_nasal
Subset 1 : set([1])
Subset 0 : set([0])
Best nc : 2
Best ng : 0.2
Best acc : 0.960339943343
Best f1 : [ 0.9776132   0.82637076]
0 294
1 2958
0 315
1 2937
0 315
1 2937
0.991082410824 0.991082410824
0 269
1 2983
0.979397293973 0.991082410824
0 294
1 2958
0.987084870849 0.991082410824
0 294
1 2958
0.987084870849 0.991082410824
0 2958
1 294
0.987084870849 0.991082410824
0 2958
1 294
0.987084870849 0.991082410824
0 2958
1 294
0.987084870849 0.991082410824
Name : 0_no
Subset 1 : set([0])
Subset 0 : set([1])
Best nc : 2
Best ng : 0.05
Best acc : 0.991082410824
Best f1 : [ 0.99504528  0.95545315]
0 2114
1 13
0 1908
1 219
0 1908
1 219
0.945463093559 0.945463093559
0 1986
1 141
0.908791725435 0.945463093559
0 237
1 1890
0 1890
1 237
0.953925716972 0.953925716972
0 1890
1 237
0.953925716972 0.953925716972
0 1890
1 237
0.953925716972 0.953925716972
0 657
1 1470
0.848613070052 0.953925716972
Name : 0_non-nasal
Subset 1 : set([0])
Subset 0 : set([1])
Best nc : 2
Best ng : 0.2
Best acc : 0.953925716972
Best f1 : [ 0.97338403  0.82867133]
0 1120
1 7
0 1105
1 22
0.7107364685 0.724046140195
0 1105
1 22
0.7107364685 0.724046140195
0 1105
1 22
0.7107364685 0.724046140195
0 955
1 172
0 235
1 892
0 892
1 235
0.938775510204 0.938775510204
0 386
1 741
0.923691215617 0.938775510204
0 386
1 741
0.923691215617 0.938775510204
Name : 1_nasal
Subset 1 : set([0])
Subset 0 : set([1])
Best nc : 2
Best ng : 0.5
Best acc : 0.938775510204
Best f1 : [ 0.95976676  0.87198516]
0 116
1 2647
0 89
1 2674
0.981903727832 0.987332609482
0 89
1 2674
0.981903727832 0.987332609482
0 89
1 2674
0.981903727832 0.987332609482
0 2674
1 89
0.981903727832 0.987332609482
0 2674
1 89
0.981903727832 0.987332609482
0 295
1 2468
0.942815779949 0.987332609482
0 295
1 2468
0.942815779949 0.987332609482
0 295
1 2468
0.942815779949 0.987332609482
Name : 1_no
Subset 1 : set([0])
Subset 0 : set([1])
Best nc : 2
Best ng : 0.025
Best acc : 0.987332609482
Best f1 : [ 0.99336241  0.86166008]
0 3943
1 7
0 3911
1 39
0 3911
1 39
0.862025316456 0.862025316456
0 3800
1 150
0 3800
1 150
0.890126582278 0.890126582278
0 3800
1 150
0.890126582278 0.890126582278
0 3425
1 525
0 3425
1 525
0.935443037975 0.935443037975
0 3425
1 525
0.935443037975 0.935443037975
Name : 1_non-nasal
Subset 1 : set([1])
Subset 0 : set([0])
Best nc : 2
Best ng : 0.75
Best acc : 0.935443037975
Best f1 : [ 0.9624503   0.77006312]
0 1591
1 1
0 1584
1 8
0 1591
1 1
0.765075376884 0.769472361809
0 1591
1 1
0.765075376884 0.769472361809
0 198
1 1394
0 1394
1 198
0.888819095477 0.888819095477
0 1394
1 198
0.888819095477 0.888819095477
0 1394
1 198
0.888819095477 0.888819095477
0 419
1 1173
Name : 2_nasal
Subset 1 : set([0])
Subset 0 : set([1])
Best nc : 2
Best ng : 0.9
Best acc : 0.954773869347
Best f1 : [ 0.96987448  0.9093199 ]
0 2242
1 4
0 2242
1 4
0.849065004452 0.849065004452
0 301
1 1945
0 2242
1 4
0.849065004452 0.980409617097
0 284
1 1962
0.972840605521 0.980409617097
0 1962
1 284
0.972840605521 0.980409617097
0 1962
1 284
0.972840605521 0.980409617097
0 1962
1 284
0.972840605521 0.980409617097
0 1962
1 284
0.972840605521 0.980409617097
Name : 2_no
Subset 1 : set([0])
Subset 0 : set([1])
Best nc : 2
Best ng : 0.075
Best acc : 0.980409617097
Best f1 : [ 0.98856549  0.93167702]
0 2312
1 1
0 2312
1 1
0.79074794639 0.79074794639
0 2279
1 34
0 2312
1 1
0.79074794639 0.805015131863
0 318
1 1995
0 1995
1 318
0.927799394725 0.927799394725
0 1995
1 318
0.927799394725 0.927799394725
0 1995
1 318
0.927799394725 0.927799394725
0 1995
1 318
0.927799394725 0.927799394725
Name : 2_non-nasal
Subset 1 : set([0])
Subset 0 : set([1])
Best nc : 2
Best ng : 0.2
Best acc : 0.927799394725
Best f1 : [ 0.95631703  0.79202989]
0 554
1 2
0 10
1 546
0.548561151079 0.562949640288
0 10
1 546
0.548561151079 0.562949640288
0 15
1 541
0.539568345324 0.562949640288
0 541
1 15
0.539568345324 0.562949640288
0 389
1 167
0 389
1 167
0.86690647482 0.86690647482
0 389
1 167
0.86690647482 0.86690647482
0 389
1 167
0.86690647482 0.86690647482
Name : 3_nasal
Subset 1 : set([1])
Subset 0 : set([0])
Best nc : 2
Best ng : 0.5
Best acc : 0.86690647482
Best f1 : [ 0.89488636  0.81862745]
0 237
1 2474
0 2509
1 202
0.957211361121 0.9701217263
0 282
1 2429
0 2509
1 202
0.957211361121 0.981556621173
0 237
1 2474
0.9701217263 0.981556621173
0 282
1 2429
0.981556621173 0.981556621173
0 282
1 2429
0.981556621173 0.981556621173
0 282
1 2429
0.981556621173 0.981556621173
0 2429
1 282
0.981556621173 0.981556621173
Name : 3_no
Subset 1 : set([0])
Subset 0 : set([1])
Best nc : 2
Best ng : 0.075
Best acc : 0.981556621173
Best f1 : [ 0.98963086  0.91666667]
0 2167
1 13
0 2167
1 13
0.834862385321 0.834862385321
0 2120
1 60
0 123
1 2057
0 176
1 2004
0 294
1 1886
0 2004
1 176
0.909633027523 0.942660550459
0 2004
1 176
0.909633027523 0.942660550459
0 696
1 1484
0.851834862385 0.942660550459
Name : 3_non-nasal
Subset 1 : set([0])
Subset 0 : set([1])
Best nc : 2
Best ng : 0.5
Best acc : 0.942660550459
Best f1 : [ 0.96615218  0.8125937 ]
0 1924
1 3
0 25
1 1902
0.79190451479 0.803321224702
0 1924
1 3
0.803321224702 0.803321224702
0 1924
1 3
0.803321224702 0.803321224702
0 1727
1 200
0 1673
1 254
0 1673
1 254
0.936689154126 0.936689154126
0 1673
1 254
0.936689154126 0.936689154126
0 1168
1 759
0.588998443176 0.936689154126
Name : 4_nasal
Subset 1 : set([1])
Subset 0 : set([0])
Best nc : 2
Best ng : 0.5
Best acc : 0.936689154126
Best f1 : [ 0.96215881  0.80634921]
0 843
1 7
0 843
1 7
0.870588235294 0.870588235294
0 843
1 7
0.870588235294 0.870588235294
0 780
1 70
0 79
1 771
0 780
1 70
0.961176470588 0.971764705882
0 131
1 719
0.967058823529 0.971764705882
0 780
1 70
0.961176470588 0.971764705882
0 780
1 70
0.961176470588 0.971764705882
Name : 4_no
Subset 1 : set([0])
Subset 0 : set([1])
Best nc : 2
Best ng : 0.2
Best acc : 0.971764705882
Best f1 : [ 0.98418972  0.86813187]
0 237
1 43
0 237
1 43
0.878571428571 0.878571428571
0 46
1 234
0 46
1 234
0.889285714286 0.889285714286
0 46
1 234
0.889285714286 0.889285714286
0 46
1 234
0.889285714286 0.889285714286
0 234
1 46
0.889285714286 0.889285714286
0 234
1 46
0.889285714286 0.889285714286
0 234
1 46
0.889285714286 0.889285714286
Name : 4_non-nasal
Subset 1 : set([0])
Subset 0 : set([1])
Best nc : 2
Best ng : 0.075
Best acc : 0.889285714286
Best f1 : [ 0.92906178  0.74796748]
0 6702
1 5
0 48
1 6659
0.858804234382 0.865215446548
0 6659
1 48
0.858804234382 0.865215446548
0 6565
1 142
0.84478902639 0.865215446548
0 6074
1 633
0 6074
1 633
0.960339943343 0.960339943343
0 5930
1 777
0 5930
1 777
0.980617265543 0.980617265543
0 3131
1 3576
0.667213359177 0.980617265543
Name : 0_nasal
Subset 1 : set([1])
Subset 0 : set([0])
Best nc : 2
Best ng : 0.75
Best acc : 0.980617265543
Best f1 : [ 0.98892486  0.92243437]
0 294
1 2958
0 301
1 2951
0 3236
1 16
0.90159901599 0.989237392374
0 3025
1 227
0.966482164822 0.989237392374
0 285
1 2967
0.984317343173 0.989237392374
0 2967
1 285
0.984317343173 0.989237392374
0 2967
1 285
0.984317343173 0.989237392374
0 2967
1 285
0.984317343173 0.989237392374
0 2967
1 285
0.984317343173 0.989237392374
Name : 0_no
Subset 1 : set([0])
Subset 0 : set([1])
Best nc : 2
Best ng : 0.05
Best acc : 0.989237392374
Best f1 : [ 0.99403443  0.94505495]
0 2114
1 13
0 1908
1 219
0 1908
1 219
0.945463093559 0.945463093559
0 1986
1 141
0.908791725435 0.945463093559
0 237
1 1890
0 1890
1 237
0.953925716972 0.953925716972
0 366
1 1761
0 1890
1 237
0.953925716972 0.976022566996
0 763
1 1364
0.798777621063 0.976022566996
Name : 0_non-nasal
Subset 1 : set([0])
Subset 0 : set([1])
Best nc : 2
Best ng : 0.75
Best acc : 0.976022566996
Best f1 : [ 0.98564593  0.92724679]
0 1120
1 7
0 1105
1 22
0.7107364685 0.724046140195
0 1105
1 22
0.7107364685 0.724046140195
0 1082
1 45
0.690328305235 0.724046140195
0 187
1 940
0 235
1 892
0 915
1 212
0.918367346939 0.938775510204
0 915
1 212
0.918367346939 0.938775510204
0 621
1 506
0.718722271517 0.938775510204
Name : 1_nasal
Subset 1 : set([0])
Subset 0 : set([1])
Best nc : 2
Best ng : 0.5
Best acc : 0.938775510204
Best f1 : [ 0.95976676  0.87198516]
0 116
1 2647
0 89
1 2674
0.981903727832 0.987332609482
0 89
1 2674
0.981903727832 0.987332609482
0 89
1 2674
0.981903727832 0.987332609482
0 2674
1 89
0.981903727832 0.987332609482
0 2674
1 89
0.981903727832 0.987332609482
0 272
1 2491
0.951140065147 0.987332609482
0 272
1 2491
0.951140065147 0.987332609482
0 272
1 2491
0.951140065147 0.987332609482
Name : 1_no
Subset 1 : set([0])
Subset 0 : set([1])
Best nc : 2
Best ng : 0.025
Best acc : 0.987332609482
Best f1 : [ 0.99336241  0.86166008]
0 3943
1 7
0 3943
1 7
0.853924050633 0.853924050633
0 3850
1 100
0 3850
1 100
0.87746835443 0.87746835443
0 3698
1 252
0 3599
1 351
0 3336
1 614
0.932151898734 0.94
0 3336
1 614
0.932151898734 0.94
0 3336
1 614
0.932151898734 0.94
Name : 1_non-nasal
Subset 1 : set([1])
Subset 0 : set([0])
Best nc : 2
Best ng : 0.5
Best acc : 0.94
Best f1 : [ 0.96597272  0.74652406]
0 1591
1 1
0 1584
1 8
0 1591
1 1
0.765075376884 0.769472361809
0 1591
1 1
0.765075376884 0.769472361809
0 208
1 1384
0 1384
1 208
0.895100502513 0.895100502513
0 680
1 912
0.751884422111 0.895100502513
0 1261
1 331
0 1261
1 331
0.971105527638 0.971105527638
Name : 2_nasal
Subset 1 : set([1])
Subset 0 : set([0])
Best nc : 2
Best ng : 0.8
Best acc : 0.971105527638
Best f1 : [ 0.98143664  0.93484419]
0 2242
1 4
0 2242
1 4
0.849065004452 0.849065004452
0 301
1 1945
0 2242
1 4
0.849065004452 0.980409617097
0 1985
1 261
0.962600178094 0.980409617097
0 301
1 1945
0.980409617097 0.980409617097
0 301
1 1945
0.980409617097 0.980409617097
0 1945
1 301
0.980409617097 0.980409617097
0 1945
1 301
0.980409617097 0.980409617097
Name : 2_no
Subset 1 : set([0])
Subset 0 : set([1])
Best nc : 2
Best ng : 0.075
Best acc : 0.980409617097
Best f1 : [ 0.98856549  0.93167702]
0 2312
1 1
0 2312
1 1
0.79074794639 0.79074794639
0 2312
1 1
0.79074794639 0.79074794639
0 2251
1 62
0 2251
1 62
0.817120622568 0.817120622568
0 2009
1 304
0 2009
1 304
0.921746649373 0.921746649373
0 2009
1 304
0.921746649373 0.921746649373
0 909
1 1404
0.816688283614 0.921746649373
Name : 2_non-nasal
Subset 1 : set([1])
Subset 0 : set([0])
Best nc : 2
Best ng : 0.5
Best acc : 0.921746649373
Best f1 : [ 0.95282773  0.77059569]
0 554
1 2
0 554
1 2
0.562949640288 0.562949640288
0 11
1 545
0.546762589928 0.562949640288
0 545
1 11
0.546762589928 0.562949640288
0 21
1 535
0.528776978417 0.562949640288
0 400
1 156
0 346
1 210
0 346
1 210
0.908273381295 0.908273381295
0 346
1 210
0.908273381295 0.908273381295
Name : 3_nasal
Subset 1 : set([1])
Subset 0 : set([0])
Best nc : 2
Best ng : 0.75
Best acc : 0.908273381295
Best f1 : [ 0.92284418  0.88691796]
0 237
1 2474
0 2509
1 202
0.957211361121 0.9701217263
0 278
1 2433
0 2509
1 202
0.957211361121 0.98081888602
0 237
1 2474
0.9701217263 0.98081888602
0 2474
1 237
0.9701217263 0.98081888602
0 2474
1 237
0.9701217263 0.98081888602
0 2474
1 237
0.9701217263 0.98081888602
0 2474
1 237
0.9701217263 0.98081888602
Name : 3_no
Subset 1 : set([0])
Subset 0 : set([1])
Best nc : 2
Best ng : 0.075
Best acc : 0.98081888602
Best f1 : [ 0.98922503  0.91275168]
0 2167
1 13
0 2137
1 43
0 2137
1 43
0.848623853211 0.848623853211
0 123
1 2057
0 2057
1 123
0.885321100917 0.885321100917
0 2057
1 123
0.885321100917 0.885321100917
0 358
1 1822
0 1822
1 358
0.949082568807 0.949082568807
0 1822
1 358
0.949082568807 0.949082568807
Name : 3_non-nasal
Subset 1 : set([0])
Subset 0 : set([1])
Best nc : 2
Best ng : 0.75
Best acc : 0.949082568807
Best f1 : [ 0.96941306  0.84815321]
0 1924
1 3
0 1924
1 3
0.803321224702 0.803321224702
0 1924
1 3
0.803321224702 0.803321224702
0 1906
1 21
0.793980280228 0.803321224702
0 242
1 1685
0 1702
1 225
0.921639854696 0.93046185781
0 1651
1 276
0 1702
1 225
0.921639854696 0.948105864037
0 642
1 1285
0.861961598339 0.948105864037
Name : 4_nasal
Subset 1 : set([1])
Subset 0 : set([0])
Best nc : 2
Best ng : 0.75
Best acc : 0.948105864037
Best f1 : [ 0.96876952  0.84662577]
0 843
1 7
0 843
1 7
0.870588235294 0.870588235294
0 843
1 7
0.870588235294 0.870588235294
0 780
1 70
0 79
1 771
0 780
1 70
0.961176470588 0.971764705882
0 120
1 730
0 120
1 730
0.98 0.98
0 730
1 120
0.98 0.98
Name : 4_no
Subset 1 : set([0])
Subset 0 : set([1])
Best nc : 2
Best ng : 0.75
Best acc : 0.98
Best f1 : [ 0.98849018  0.92376682]
0 237
1 43
0 237
1 43
0.878571428571 0.878571428571
0 46
1 234
0 46
1 234
0.889285714286 0.889285714286
0 46
1 234
0.889285714286 0.889285714286
0 46
1 234
0.889285714286 0.889285714286
0 234
1 46
0.889285714286 0.889285714286
0 234
1 46
0.889285714286 0.889285714286
0 234
1 46
0.889285714286 0.889285714286
Name : 4_non-nasal
Subset 1 : set([0])
Subset 0 : set([1])
Best nc : 2
Best ng : 0.075
Best acc : 0.889285714286
Best f1 : [ 0.92906178  0.74796748]
0 6702
1 5
0 48
1 6659
0.858804234382 0.865215446548
0 6659
1 48
0.858804234382 0.865215446548
0 6659
1 48
0.858804234382 0.865215446548
0 6074
1 633
0 6074
1 633
0.960339943343 0.960339943343
0 5930
1 777
0 5930
1 777
0.980617265543 0.980617265543
0 4984
1 1723
0.609065155807 0.980617265543
Name : 0_nasal
Subset 1 : set([1])
Subset 0 : set([0])
Best nc : 2
Best ng : 0.75
Best acc : 0.980617265543
Best f1 : [ 0.98892486  0.92243437]
0 301
1 2951
0 301
1 2951
0.989237392374 0.989237392374
0 301
1 2951
0.989237392374 0.989237392374
0 269
1 2983
0.979397293973 0.989237392374
0 2983
1 269
0.979397293973 0.989237392374
0 301
1 2951
0.989237392374 0.989237392374
0 2983
1 269
0.979397293973 0.989237392374
0 652
1 2600
0.90282902829 0.989237392374
0 652
1 2600
0.90282902829 0.989237392374
Name : 0_no
Subset 1 : set([0])
Subset 0 : set([1])
Best nc : 2
Best ng : 0.025
Best acc : 0.989237392374
Best f1 : [ 0.99403443  0.94505495]
0 2114
1 13
0 1918
1 209
0 1918
1 209
0.940761636107 0.940761636107
0 1918
1 209
0.940761636107 0.940761636107
0 1918
1 209
0.940761636107 0.940761636107
0 1890
1 237
0 366
1 1761
0 1890
1 237
0.953925716972 0.976022566996
0 763
1 1364
0.798777621063 0.976022566996
Name : 0_non-nasal
Subset 1 : set([0])
Subset 0 : set([1])
Best nc : 2
Best ng : 0.75
Best acc : 0.976022566996
Best f1 : [ 0.98564593  0.92724679]
0 1120
1 7
0 1105
1 22
0.7107364685 0.724046140195
0 1105
1 22
0.7107364685 0.724046140195
0 1082
1 45
0.690328305235 0.724046140195
0 974
1 153
0 235
1 892
0 892
1 235
0.938775510204 0.938775510204
0 974
1 153
0.866015971606 0.938775510204
0 479
1 648
0.844720496894 0.938775510204
Name : 1_nasal
Subset 1 : set([0])
Subset 0 : set([1])
Best nc : 2
Best ng : 0.5
Best acc : 0.938775510204
Best f1 : [ 0.95976676  0.87198516]
0 116
1 2647
0 2679
1 84
0.980817951502 0.987332609482
0 2679
1 84
0.980817951502 0.987332609482
0 2679
1 84
0.980817951502 0.987332609482
0 104
1 2659
0.986608758596 0.987332609482
0 272
1 2491
0.951140065147 0.987332609482
0 272
1 2491
0.951140065147 0.987332609482
0 272
1 2491
0.951140065147 0.987332609482
0 272
1 2491
0.951140065147 0.987332609482
Name : 1_no
Subset 1 : set([0])
Subset 0 : set([1])
Best nc : 2
Best ng : 0.025
Best acc : 0.987332609482
Best f1 : [ 0.99336241  0.86166008]
0 3943
1 7
0 3943
1 7
0.853924050633 0.853924050633
0 3871
1 79
0 3871
1 79
0.872151898734 0.872151898734
0 3871
1 79
0.872151898734 0.872151898734
0 3710
1 240
0 3710
1 240
0.912911392405 0.912911392405
0 3710
1 240
0.912911392405 0.912911392405
0 3710
1 240
0.912911392405 0.912911392405
Name : 1_non-nasal
Subset 1 : set([1])
Subset 0 : set([0])
Best nc : 2
Best ng : 0.5
Best acc : 0.912911392405
Best f1 : [ 0.95138496  0.58252427]
0 1591
1 1
0 1584
1 8
0 1591
1 1
0.765075376884 0.769472361809
0 1577
1 15
0 231
1 1361
0 288
1 1304
0 1304
1 288
0.945351758794 0.945351758794
0 1304
1 288
0.945351758794 0.945351758794
0 1304
1 288
0.945351758794 0.945351758794
Name : 2_nasal
Subset 1 : set([0])
Subset 0 : set([1])
Best nc : 2
Best ng : 0.5
Best acc : 0.945351758794
Best f1 : [ 0.96548988  0.86877828]
0 2242
1 4
0 2242
1 4
0.849065004452 0.849065004452
0 301
1 1945
0 2237
1 9
0.851291184328 0.980409617097
0 1985
1 261
0.962600178094 0.980409617097
0 1962
1 284
0.972840605521 0.980409617097
0 369
1 1877
0 369
1 1877
0.986642920748 0.986642920748
0 1076
1 1170
0.673642030276 0.986642920748
Name : 2_no
Subset 1 : set([0])
Subset 0 : set([1])
Best nc : 2
Best ng : 0.75
Best acc : 0.986642920748
Best f1 : [ 0.99206349  0.95786517]
0 2312
1 1
0 2312
1 1
0.79074794639 0.79074794639
0 2279
1 34
0 2279
1 34
0.805015131863 0.805015131863
0 2126
1 187
0 2009
1 304
0 1929
1 384
0 2009
1 304
0.921746649373 0.955469087765
0 1231
1 1082
0.67747514051 0.955469087765
Name : 2_non-nasal
Subset 1 : set([1])
Subset 0 : set([0])
Best nc : 2
Best ng : 0.75
Best acc : 0.955469087765
Best f1 : [ 0.97258451  0.88147296]
0 554
1 2
0 554
1 2
0.562949640288 0.562949640288
0 11
1 545
0.546762589928 0.562949640288
0 545
1 11
0.546762589928 0.562949640288
0 545
1 11
0.546762589928 0.562949640288
0 418
1 138
0 454
1 102
0.61690647482 0.814748201439
0 454
1 102
0.61690647482 0.814748201439
0 454
1 102
0.61690647482 0.814748201439
Name : 3_nasal
Subset 1 : set([1])
Subset 0 : set([0])
Best nc : 2
Best ng : 0.5
Best acc : 0.814748201439
Best f1 : [ 0.85948158  0.72823219]
0 237
1 2474
0 2509
1 202
0.957211361121 0.9701217263
0 278
1 2433
0 2509
1 202
0.957211361121 0.98081888602
0 237
1 2474
0.9701217263 0.98081888602
0 350
1 2361
0 350
1 2361
0.983032091479 0.983032091479
0 350
1 2361
0.983032091479 0.983032091479
0 350
1 2361
0.983032091479 0.983032091479
Name : 3_no
Subset 1 : set([0])
Subset 0 : set([1])
Best nc : 2
Best ng : 0.5
Best acc : 0.983032091479
Best f1 : [ 0.99032394  0.93113772]
0 2177
1 3
0 2146
1 34
0 2146
1 34
0.844495412844 0.844495412844
0 134
1 2046
0 2046
1 134
0.890366972477 0.890366972477
0 215
1 1965
0 2046
1 134
0.890366972477 0.923853211009
0 601
1 1579
0.895412844037 0.923853211009
0 601
1 1579
0.895412844037 0.923853211009
Name : 3_non-nasal
Subset 1 : set([0])
Subset 0 : set([1])
Best nc : 2
Best ng : 0.5
Best acc : 0.923853211009
Best f1 : [ 0.95599152  0.71768707]
0 1924
1 3
0 1924
1 3
0.803321224702 0.803321224702
0 1924
1 3
0.803321224702 0.803321224702
0 1906
1 21
0.793980280228 0.803321224702
0 1702
1 225
0 1702
1 225
0.921639854696 0.921639854696
0 1702
1 225
0.921639854696 0.921639854696
0 1702
1 225
0.921639854696 0.921639854696
0 853
1 1074
0.752464971458 0.921639854696
Name : 4_nasal
Subset 1 : set([1])
Subset 0 : set([0])
Best nc : 2
Best ng : 0.2
Best acc : 0.921639854696
Best f1 : [ 0.95358131  0.74875208]
0 843
1 7
0 843
1 7
0.870588235294 0.870588235294
0 843
1 7
0.870588235294 0.870588235294
0 780
1 70
0 79
1 771
0 780
1 70
0.961176470588 0.971764705882
0 771
1 79
0.971764705882 0.971764705882
0 771
1 79
0.971764705882 0.971764705882
0 281
1 569
0.790588235294 0.971764705882
Name : 4_no
Subset 1 : set([0])
Subset 0 : set([1])
Best nc : 2
Best ng : 0.2
Best acc : 0.971764705882
Best f1 : [ 0.98418972  0.86813187]
0 237
1 43
0 237
1 43
0.878571428571 0.878571428571
0 46
1 234
0 46
1 234
0.889285714286 0.889285714286
0 46
1 234
0.889285714286 0.889285714286
0 46
1 234
0.889285714286 0.889285714286
0 234
1 46
0.889285714286 0.889285714286
0 234
1 46
0.889285714286 0.889285714286
0 234
1 46
0.889285714286 0.889285714286
Name : 4_non-nasal
Subset 1 : set([0])
Subset 0 : set([1])
Best nc : 2
Best ng : 0.075
Best acc : 0.889285714286
Best f1 : [ 0.92906178  0.74796748]
