0 13
1 6694
0 13
1 6694
0.86402266289 0.86402266289
0 13
1 6694
0.86402266289 0.86402266289
0 5
1 6702
0 21
1 6686
0.863128075145 0.865215446548
0 13
1 6694
0.86402266289 0.865215446548
0 13
1 6694
0.86402266289 0.865215446548
0 6702
1 5
0.865215446548 0.865215446548
0 6702
1 5
0.865215446548 0.865215446548
Name : 0_nasal
Subset 1 : set([0])
Subset 0 : set([1])
Best nc : 2
Best ng : 0.1
Best acc : 0.865215446548
Best f1 : [ 0.92773781  0.        ]
0 3250
1 2
0 3250
1 2
0.89667896679 0.89667896679
0 10
1 3242
0.894218942189 0.89667896679
0 3242
1 10
0.894218942189 0.89667896679
0 3245
1 7
0.895141451415 0.89667896679
0 3242
1 10
0.894218942189 0.89667896679
0 3242
1 10
0.894218942189 0.89667896679
0 3242
1 10
0.894218942189 0.89667896679
0 3242
1 10
0.894218942189 0.89667896679
Name : 0_no
Subset 1 : set([1])
Subset 0 : set([0])
Best nc : 2
Best ng : 0.025
Best acc : 0.89667896679
Best f1 : [ 0.94550762  0.00591716]
0 2
1 2125
0 2
1 2125
0.841560883874 0.841560883874
0 2126
1 1
0 2126
1 1
0.842031029619 0.842031029619
0 2126
1 1
0.842031029619 0.842031029619
0 2115
1 12
0.836859426422 0.842031029619
0 2115
1 12
0.836859426422 0.842031029619
0 2115
1 12
0.836859426422 0.842031029619
0 2115
1 12
0.836859426422 0.842031029619
Name : 0_non-nasal
Subset 1 : set([1])
Subset 0 : set([0])
Best nc : 2
Best ng : 0.075
Best acc : 0.842031029619
Best f1 : [ 0.91424196  0.        ]
0 970
1 157
0 1092
1 35
0 994
1 133
0.612244897959 0.699201419698
0 898
1 229
0.527062999113 0.699201419698
0 1042
1 85
0.654835847382 0.699201419698
0 908
1 219
0 555
1 572
0.777284826974 0.924578527063
0 555
1 572
0.777284826974 0.924578527063
0 908
1 219
0.924578527063 0.924578527063
Name : 1_nasal
Subset 1 : set([1])
Subset 0 : set([0])
Best nc : 2
Best ng : 0.5
Best acc : 0.924578527063
Best f1 : [ 0.95089544  0.8374761 ]
0 1700
1 1063
0 2651
1 112
0 2622
1 141
0.987694534926 0.988780311256
0 2622
1 141
0.987694534926 0.988780311256
0 2551
1 212
0.968512486428 0.988780311256
0 2120
1 643
0.816865725661 0.988780311256
0 1193
1 1570
0.617806731813 0.988780311256
0 2332
1 431
0.892870068766 0.988780311256
0 1786
1 977
0.596815056098 0.988780311256
Name : 1_no
Subset 1 : set([1])
Subset 0 : set([0])
Best nc : 2
Best ng : 0.05
Best acc : 0.988780311256
Best f1 : [ 0.99412545  0.87550201]
0 3933
1 17
0 3420
1 530
0.717974683544 0.847848101266
0 3806
1 144
0 3739
1 211
0 3739
1 211
0.905569620253 0.905569620253
0 3739
1 211
0.905569620253 0.905569620253
0 3739
1 211
0.905569620253 0.905569620253
0 611
1 3339
0 3739
1 211
0.905569620253 0.931392405063
Name : 1_non-nasal
Subset 1 : set([0])
Subset 0 : set([1])
Best nc : 2
Best ng : 0.8
Best acc : 0.931392405063
Best f1 : [ 0.9595824   0.77322176]
0 1047
1 545
0 1581
1 11
0.77135678392 0.893216080402
0 1359
1 233
0 1441
1 151
0.859296482412 0.910804020101
0 1321
1 271
0 1321
1 271
0.934673366834 0.934673366834
0 1111
1 481
0.537688442211 0.934673366834
0 1111
1 481
0.537688442211 0.934673366834
0 1111
1 481
0.537688442211 0.934673366834
Name : 2_nasal
Subset 1 : set([1])
Subset 0 : set([0])
Best nc : 2
Best ng : 0.2
Best acc : 0.934673366834
Best f1 : [ 0.95902285  0.83900929]
0 1985
1 261
0 1985
1 261
0.962600178094 0.962600178094
0 2039
1 207
0.938557435441 0.962600178094
0 2056
1 190
0.930988423865 0.962600178094
0 1962
1 284
0 1892
1 354
0 1892
1 354
0.988869100623 0.988869100623
0 1892
1 354
0.988869100623 0.988869100623
0 1892
1 354
0.988869100623 0.988869100623
Name : 2_no
Subset 1 : set([1])
Subset 0 : set([0])
Best nc : 2
Best ng : 0.5
Best acc : 0.988869100623
Best f1 : [ 0.99341238  0.96413199]
0 2312
1 1
0 2312
1 1
0.789883268482 0.789883268482
0 2312
1 1
0.789883268482 0.789883268482
0 2312
1 1
0.789883268482 0.789883268482
0 2312
1 1
0.789883268482 0.789883268482
0 2312
1 1
0.789883268482 0.789883268482
0 2312
1 1
0.789883268482 0.789883268482
0 2312
1 1
0.789883268482 0.789883268482
0 2312
1 1
0.789883268482 0.789883268482
Name : 2_non-nasal
Subset 1 : set([1])
Subset 0 : set([0])
Best nc : 2
Best ng : 0.025
Best acc : 0.789883268482
Best f1 : [ 0.8826087  0.       ]
0 554
1 2
0 554
1 2
0.562949640288 0.562949640288
0 11
1 545
0.546762589928 0.562949640288
0 545
1 11
0.546762589928 0.562949640288
0 545
1 11
0.546762589928 0.562949640288
0 545
1 11
0.546762589928 0.562949640288
0 515
1 41
0.507194244604 0.562949640288
0 304
1 252
0 304
1 252
0.861510791367 0.861510791367
Name : 3_nasal
Subset 1 : set([0])
Subset 0 : set([1])
Best nc : 2
Best ng : 0.8
Best acc : 0.861510791367
Best f1 : [ 0.86419753  0.8587156 ]
0 2710
1 1
0 2710
1 1
0.882331243084 0.882331243084
0 2710
1 1
0.882331243084 0.882331243084
0 2710
1 1
0.882331243084 0.882331243084
0 2710
1 1
0.882331243084 0.882331243084
0 2710
1 1
0.882331243084 0.882331243084
0 2710
1 1
0.882331243084 0.882331243084
0 2710
1 1
0.882331243084 0.882331243084
0 2710
1 1
0.882331243084 0.882331243084
Name : 3_no
Subset 1 : set([1])
Subset 0 : set([0])
Best nc : 2
Best ng : 0.025
Best acc : 0.882331243084
Best f1 : [ 0.93748775  0.        ]
0 2178
1 2
0 2178
1 2
0.827981651376 0.827981651376
0 2171
1 9
0.824770642202 0.827981651376
0 2178
1 2
0.827981651376 0.827981651376
0 2178
1 2
0.827981651376 0.827981651376
0 2178
1 2
0.827981651376 0.827981651376
0 1887
1 293
0 1806
1 374
0.926146788991 0.935779816514
0 1599
1 581
0.844036697248 0.935779816514
Name : 3_non-nasal
Subset 1 : set([1])
Subset 0 : set([0])
Best nc : 2
Best ng : 0.75
Best acc : 0.935779816514
Best f1 : [ 0.9621007   0.78978979]
0 1922
1 5
0 1913
1 14
0.799688635184 0.807472755579
0 1905
1 22
0.798650752465 0.807472755579
0 1858
1 69
0.774260508563 0.807472755579
0 1858
1 69
0.774260508563 0.807472755579
0 1858
1 69
0.774260508563 0.807472755579
0 1599
1 328
0.669953295278 0.807472755579
0 1599
1 328
0.669953295278 0.807472755579
0 1599
1 328
0.669953295278 0.807472755579
Name : 4_nasal
Subset 1 : set([1])
Subset 0 : set([0])
Best nc : 2
Best ng : 0.025
Best acc : 0.807472755579
Best f1 : [ 0.89317593  0.02624672]
0 843
1 7
0 843
1 7
0.870588235294 0.870588235294
0 843
1 7
0.870588235294 0.870588235294
0 819
1 31
0.842352941176 0.870588235294
0 819
1 31
0.842352941176 0.870588235294
0 730
1 120
0.737647058824 0.870588235294
0 771
1 79
0 561
1 289
0.781176470588 0.971764705882
0 561
1 289
0.781176470588 0.971764705882
Name : 4_no
Subset 1 : set([1])
Subset 0 : set([0])
Best nc : 2
Best ng : 0.75
Best acc : 0.971764705882
Best f1 : [ 0.98418972  0.86813187]
0 277
1 3
0 277
1 3
0.714285714286 0.714285714286
0 277
1 3
0.714285714286 0.714285714286
0 277
1 3
0.714285714286 0.714285714286
0 277
1 3
0.714285714286 0.714285714286
0 277
1 3
0.714285714286 0.714285714286
0 234
1 46
0 248
1 32
0.610714285714 0.889285714286
0 248
1 32
0.610714285714 0.889285714286
Name : 4_non-nasal
Subset 1 : set([1])
Subset 0 : set([0])
Best nc : 2
Best ng : 0.75
Best acc : 0.889285714286
Best f1 : [ 0.92906178  0.74796748]
0 5420
1 1287
0 5608
1 1099
0 4193
1 2514
0.759206798867 0.963023706575
0 3642
1 3065
0.591024302967 0.963023706575
0 1882
1 4825
0.850752944685 0.963023706575
0 5431
1 1276
0.675711942746 0.963023706575
0 3759
1 2948
0.694498285373 0.963023706575
0 6412
1 295
0.821977038915 0.963023706575
0 6265
1 442
0.800059639183 0.963023706575
Name : 0_nasal
Subset 1 : set([1])
Subset 0 : set([0])
Best nc : 2
Best ng : 0.05
Best acc : 0.963023706575
Best f1 : [ 0.9782761   0.87587588]
0 2153
1 1099
0 1911
1 1341
0.515682656827 0.558733087331
0 1545
1 1707
0 1932
1 1320
0.509225092251 0.627613776138
0 1144
1 2108
0 2549
1 703
0 2130
1 1122
0.551660516605 0.887146371464
0 1827
1 1425
0.541512915129 0.887146371464
0 2316
1 936
0.608856088561 0.887146371464
Name : 0_no
Subset 1 : set([1])
Subset 0 : set([0])
Best nc : 2
Best ng : 0.5
Best acc : 0.887146371464
Best f1 : [ 0.93284538  0.64677575]
0 1688
1 439
0 1282
1 845
0.554771979314 0.63610719323
0 757
1 1370
0 1619
1 508
0 1889
1 238
0 1889
1 238
0.954395862717 0.954395862717
0 1616
1 511
0.917254348848 0.954395862717
0 1616
1 511
0.917254348848 0.954395862717
0 1089
1 1038
0.645510108134 0.954395862717
Name : 0_non-nasal
Subset 1 : set([1])
Subset 0 : set([0])
Best nc : 2
Best ng : 0.2
Best acc : 0.954395862717
Best f1 : [ 0.97364847  0.83071553]
0 1089
1 38
0 1120
1 7
0 45
1 1082
0.690328305235 0.724046140195
0 50
1 1077
0.685891748004 0.724046140195
0 1067
1 60
0.67701863354 0.724046140195
0 940
1 187
0 901
1 226
0 1021
1 106
0.63620230701 0.930789707187
0 901
1 226
0.930789707187 0.930789707187
Name : 1_nasal
Subset 1 : set([1])
Subset 0 : set([0])
Best nc : 2
Best ng : 0.75
Best acc : 0.930789707187
Best f1 : [ 0.95475638  0.85283019]
0 1985
1 778
0 546
1 2217
0 1851
1 912
0.645674990952 0.851972493666
0 2659
1 104
0 1447
1 1316
0.500542888165 0.986608758596
0 2603
1 160
0.979370249729 0.986608758596
0 2385
1 378
0.912775968151 0.986608758596
0 2385
1 378
0.912775968151 0.986608758596
0 2659
1 104
0.986608758596 0.986608758596
Name : 1_no
Subset 1 : set([1])
Subset 0 : set([0])
Best nc : 2
Best ng : 0.1
Best acc : 0.986608758596
Best f1 : [ 0.99299905  0.84647303]
0 3392
1 558
0 2703
1 1247
0 2787
1 1163
0 3872
1 78
0 3731
1 219
0 3731
1 219
0.907594936709 0.907594936709
0 3166
1 784
0 3166
1 784
0.911392405063 0.911392405063
0 2237
1 1713
0.581518987342 0.911392405063
Name : 1_non-nasal
Subset 1 : set([1])
Subset 0 : set([0])
Best nc : 2
Best ng : 0.75
Best acc : 0.911392405063
Best f1 : [ 0.94641764  0.74415205]
0 1202
1 390
0 1202
1 390
0.574748743719 0.581030150754
0 1567
1 25
0 1582
1 10
0 1567
1 25
0.748743718593 0.758165829146
0 1302
1 290
0 1567
1 25
0.748743718593 0.946608040201
0 1153
1 439
0.511306532663 0.946608040201
0 1153
1 439
0.511306532663 0.946608040201
Name : 2_nasal
Subset 1 : set([1])
Subset 0 : set([0])
Best nc : 2
Best ng : 0.5
Best acc : 0.946608040201
Best f1 : [ 0.96625645  0.87218045]
0 2142
1 104
0 2142
1 104
0.893588601959 0.893588601959
0 2106
1 140
0 1997
1 249
0 1975
1 271
0 1962
1 284
0 1459
1 787
0.80231522707 0.972840605521
0 1459
1 787
0.80231522707 0.972840605521
0 1459
1 787
0.80231522707 0.972840605521
Name : 2_no
Subset 1 : set([1])
Subset 0 : set([0])
Best nc : 2
Best ng : 0.5
Best acc : 0.972840605521
Best f1 : [ 0.98421734  0.90271132]
0 1041
1 1272
0 507
1 1806
0 726
1 1587
0.895806312149 0.975789018591
0 2271
1 42
0.808473843493 0.975789018591
0 2104
1 209
0.880674448768 0.975789018591
0 1995
1 318
0.927799394725 0.975789018591
0 1928
1 385
0.955901426719 0.975789018591
0 1928
1 385
0.955901426719 0.975789018591
0 1578
1 735
0.891915261565 0.975789018591
Name : 2_non-nasal
Subset 1 : set([0])
Subset 0 : set([1])
Best nc : 2
Best ng : 0.05
Best acc : 0.975789018591
Best f1 : [ 0.98458998  0.94354839]
0 554
1 2
0 554
1 2
0.562949640288 0.562949640288
0 544
1 12
0.544964028777 0.562949640288
0 554
1 2
0.562949640288 0.562949640288
0 22
1 534
0.526978417266 0.562949640288
0 418
1 138
0 369
1 187
0 369
1 187
0.892086330935 0.892086330935
0 369
1 187
0.892086330935 0.892086330935
Name : 3_nasal
Subset 1 : set([1])
Subset 0 : set([0])
Best nc : 2
Best ng : 0.75
Best acc : 0.892086330935
Best f1 : [ 0.9122807   0.85981308]
0 743
1 1968
0 2502
1 209
0 2492
1 219
0 2502
1 209
0.959793434157 0.963482109923
0 2502
1 209
0.959793434157 0.963482109923
0 586
1 2125
0.901143489487 0.963482109923
0 2258
1 453
0.949465142014 0.963482109923
0 2403
1 308
0 1123
1 1588
0.703061600885 0.985983032091
Name : 3_no
Subset 1 : set([1])
Subset 0 : set([0])
Best nc : 2
Best ng : 0.8
Best acc : 0.985983032091
Best f1 : [ 0.99207673  0.93929712]
0 2178
1 2
0 504
1 1676
0.662844036697 0.827981651376
0 2170
1 10
0.824311926606 0.827981651376
0 1283
1 897
0.582568807339 0.827981651376
0 2010
1 170
0 1973
1 207
0 1973
1 207
0.921100917431 0.921100917431
0 1973
1 207
0.921100917431 0.921100917431
0 1973
1 207
0.921100917431 0.921100917431
Name : 3_non-nasal
Subset 1 : set([1])
Subset 0 : set([0])
Best nc : 2
Best ng : 0.5
Best acc : 0.921100917431
Best f1 : [ 0.95449735  0.70344828]
0 1924
1 3
0 1924
1 3
0.803321224702 0.803321224702
0 1924
1 3
0.803321224702 0.803321224702
0 1924
1 3
0.803321224702 0.803321224702
0 1924
1 3
0.803321224702 0.803321224702
0 1812
1 115
0.745199792423 0.803321224702
0 1812
1 115
0.745199792423 0.803321224702
0 1812
1 115
0.745199792423 0.803321224702
0 1812
1 115
0.745199792423 0.803321224702
Name : 4_nasal
Subset 1 : set([1])
Subset 0 : set([0])
Best nc : 2
Best ng : 0.025
Best acc : 0.803321224702
Best f1 : [ 0.89093525  0.        ]
0 7
1 843
0 843
1 7
0.870588235294 0.870588235294
0 843
1 7
0.870588235294 0.870588235294
0 843
1 7
0.870588235294 0.870588235294
0 843
1 7
0.870588235294 0.870588235294
0 754
1 96
0 222
1 628
0.86 0.989411764706
0 768
1 82
0.782352941176 0.989411764706
0 768
1 82
0.782352941176 0.989411764706
Name : 4_no
Subset 1 : set([1])
Subset 0 : set([0])
Best nc : 2
Best ng : 0.5
Best acc : 0.989411764706
Best f1 : [ 0.994004    0.95477387]
0 279
1 1
0 279
1 1
0.728571428571 0.728571428571
0 275
1 5
0.707142857143 0.728571428571
0 275
1 5
0.707142857143 0.728571428571
0 237
1 43
0 237
1 43
0.878571428571 0.878571428571
0 234
1 46
0 234
1 46
0.889285714286 0.889285714286
0 168
1 112
0.653571428571 0.889285714286
Name : 4_non-nasal
Subset 1 : set([1])
Subset 0 : set([0])
Best nc : 2
Best ng : 0.75
Best acc : 0.889285714286
Best f1 : [ 0.92906178  0.74796748]
0 3747
1 2960
0 3378
1 3329
0.63038616371 0.692709109885
0 4202
1 2505
0.507529446847 0.692709109885
0 4889
1 1818
0.594900849858 0.692709109885
0 4943
1 1764
0.602952139556 0.692709109885
0 4199
1 2508
0 6018
1 689
0 4415
1 2292
0.524228418071 0.968689428955
0 5619
1 1088
0.964961980021 0.968689428955
Name : 0_nasal
Subset 1 : set([1])
Subset 0 : set([0])
Best nc : 2
Best ng : 0.75
Best acc : 0.968689428955
Best f1 : [ 0.98224252  0.86775819]
0 1334
1 1918
0 1095
1 2157
0 2960
1 292
0 1207
1 2045
0.732164821648 0.986469864699
0 1526
1 1726
0.634071340713 0.986469864699
0 1542
1 1710
0.629151291513 0.986469864699
0 2951
1 301
0 2981
1 271
0.980012300123 0.989237392374
0 2042
1 1210
0.731242312423 0.989237392374
Name : 0_no
Subset 1 : set([1])
Subset 0 : set([0])
Best nc : 2
Best ng : 0.75
Best acc : 0.989237392374
Best f1 : [ 0.99403443  0.94505495]
0 1855
1 272
0 1802
1 325
0 1849
1 278
0.971321109544 0.983074753173
0 859
1 1268
0.753643629525 0.983074753173
0 810
1 1317
0.776680771039 0.983074753173
0 1890
1 237
0.953925716972 0.983074753173
0 1597
1 530
0.90832157969 0.983074753173
0 1436
1 691
0.832628114716 0.983074753173
0 1588
1 539
0.904090267983 0.983074753173
Name : 0_non-nasal
Subset 1 : set([1])
Subset 0 : set([0])
Best nc : 2
Best ng : 0.05
Best acc : 0.983074753173
Best f1 : [ 0.98998331  0.94545455]
0 276
1 851
0 891
1 236
0 828
1 299
0 995
1 132
0 1026
1 101
0 908
1 219
0 908
1 219
0.924578527063 0.924578527063
0 908
1 219
0.924578527063 0.924578527063
0 704
1 423
0.645075421473 0.924578527063
Name : 1_nasal
Subset 1 : set([1])
Subset 0 : set([0])
Best nc : 2
Best ng : 0.5
Best acc : 0.924578527063
Best f1 : [ 0.95089544  0.8374761 ]
0 1222
1 1541
0 1230
1 1533
0.567499095186 0.607310893956
0 1690
1 1073
0.57654723127 0.607310893956
0 2280
1 483
0 2644
1 119
0 589
1 2174
0.836409699602 0.986970684039
0 2463
1 300
0.939558450959 0.986970684039
0 717
1 2046
0.790083242852 0.986970684039
0 1080
1 1683
0.658704306913 0.986970684039
Name : 1_no
Subset 1 : set([1])
Subset 0 : set([0])
Best nc : 2
Best ng : 0.2
Best acc : 0.986970684039
Best f1 : [ 0.99316888  0.859375  ]
0 2325
1 1625
0 3949
1 1
0 3949
1 1
0.851898734177 0.851898734177
0 3643
1 307
0 3816
1 134
0.818227848101 0.928860759494
0 3455
1 495
0.726835443038 0.928860759494
0 2999
1 951
0.88835443038 0.928860759494
0 601
1 3349
0.82 0.928860759494
0 3265
1 685
0.922278481013 0.928860759494
Name : 1_non-nasal
Subset 1 : set([1])
Subset 0 : set([0])
Best nc : 2
Best ng : 0.1
Best acc : 0.928860759494
Best f1 : [ 0.95990869  0.68462402]
0 1256
1 336
0 1569
1 23
0 1569
1 23
0.75 0.75
0 1569
1 23
0.75 0.75
0 1533
1 59
0.727386934673 0.75
0 1321
1 271
0 691
1 901
0.753768844221 0.934673366834
0 1302
1 290
0 988
1 604
0.614949748744 0.946608040201
Name : 2_nasal
Subset 1 : set([1])
Subset 0 : set([0])
Best nc : 2
Best ng : 0.8
Best acc : 0.946608040201
Best f1 : [ 0.96625645  0.87218045]
0 1962
1 284
0 1852
1 394
0 662
1 1584
0.857969723954 0.977292965272
0 772
1 1474
0.808993766696 0.977292965272
0 448
1 1798
0.953250222618 0.977292965272
0 1945
1 301
0 1986
1 260
0.962154942119 0.980409617097
0 1945
1 301
0.980409617097 0.980409617097
0 1932
1 314
Name : 2_no
Subset 1 : set([1])
Subset 0 : set([0])
Best nc : 2
Best ng : 0.9
Best acc : 0.984416740873
Best f1 : [ 0.99087353  0.94672755]
0 2312
1 1
0 2312
1 1
0.789883268482 0.789883268482
0 2312
1 1
0.789883268482 0.789883268482
0 2312
1 1
0.789883268482 0.789883268482
0 1114
1 1199
0.553826199741 0.789883268482
0 710
1 1603
0 1944
1 369
0 640
1 1673
0.831820146995 0.948984003459
0 2042
1 271
0.673151750973 0.948984003459
Name : 2_non-nasal
Subset 1 : set([1])
Subset 0 : set([0])
Best nc : 2
Best ng : 0.75
Best acc : 0.948984003459
Best f1 : [ 0.96871686  0.8618267 ]
0 554
1 2
0 547
1 9
0.55035971223 0.562949640288
0 554
1 2
0.562949640288 0.562949640288
0 545
1 11
0.546762589928 0.562949640288
0 545
1 11
0.546762589928 0.562949640288
0 418
1 138
0 308
1 248
0 308
1 248
0.861510791367 0.861510791367
0 415
1 141
0.687050359712 0.861510791367
Name : 3_nasal
Subset 1 : set([0])
Subset 0 : set([1])
Best nc : 2
Best ng : 0.75
Best acc : 0.861510791367
Best f1 : [ 0.86323268  0.85974499]
0 2030
1 681
0 2459
1 252
0 2492
1 219
0.963482109923 0.974917004795
0 2442
1 269
0 2502
1 209
0.959793434157 0.981187753596
0 2365
1 346
0 2365
1 346
0.984507561785 0.984507561785
0 2292
1 419
0.962006639616 0.984507561785
0 2250
1 461
0.946514201402 0.984507561785
Name : 3_no
Subset 1 : set([1])
Subset 0 : set([0])
Best nc : 2
Best ng : 0.5
Best acc : 0.984507561785
Best f1 : [ 0.99117276  0.93674699]
0 2040
1 140
0 2084
1 96
0.872935779817 0.893119266055
0 2023
1 157
0 2077
1 103
0.876146788991 0.900917431193
0 1980
1 200
0 2025
1 155
0.9 0.91880733945
0 929
1 1251
0.74495412844 0.91880733945
0 1508
1 672
0.862844036697 0.91880733945
0 1083
1 1097
0.674311926606 0.91880733945
Name : 3_non-nasal
Subset 1 : set([1])
Subset 0 : set([0])
Best nc : 2
Best ng : 0.2
Best acc : 0.91880733945
Best f1 : [ 0.95326116  0.69109948]
0 1823
1 104
0 896
1 1031
0.660093409445 0.750908147379
0 1924
1 3
0 1924
1 3
0.803321224702 0.803321224702
0 1904
1 23
0.792942397509 0.803321224702
0 1836
1 91
0.757654385054 0.803321224702
0 395
1 1532
0 395
1 1532
0.911261027504 0.911261027504
0 1836
1 91
0.757654385054 0.911261027504
Name : 4_nasal
Subset 1 : set([0])
Subset 0 : set([1])
Best nc : 2
Best ng : 0.75
Best acc : 0.911261027504
Best f1 : [ 0.94453454  0.77821012]
0 627
1 223
0 81
1 769
0 833
1 17
0 780
1 70
0 780
1 70
0.961176470588 0.961176470588
0 780
1 70
0.961176470588 0.961176470588
0 755
1 95
0 755
1 95
0.990588235294 0.990588235294
0 735
1 115
0.985882352941 0.990588235294
Name : 4_no
Subset 1 : set([1])
Subset 0 : set([0])
Best nc : 2
Best ng : 0.75
Best acc : 0.990588235294
Best f1 : [ 0.99467377  0.95959596]
0 265
1 15
0 46
1 234
0 46
1 234
0.889285714286 0.889285714286
0 244
1 36
0.853571428571 0.889285714286
0 46
1 234
0.889285714286 0.889285714286
0 234
1 46
0.889285714286 0.889285714286
0 234
1 46
0.889285714286 0.889285714286
0 234
1 46
0.889285714286 0.889285714286
0 234
1 46
0.889285714286 0.889285714286
Name : 4_non-nasal
Subset 1 : set([0])
Subset 0 : set([1])
Best nc : 2
Best ng : 0.05
Best acc : 0.889285714286
Best f1 : [ 0.92906178  0.74796748]
0 5857
1 850
0 2348
1 4359
0.515878932459 0.979573579842
0 2211
1 4496
0.536305352617 0.979573579842
0 6075
1 632
0.960190845385 0.979573579842
0 5987
1 720
0.973311465633 0.979573579842
0 5947
1 760
0.978678992098 0.979573579842
0 5535
1 1172
0.954823318921 0.979573579842
0 5279
1 1428
0.919338005069 0.979573579842
0 3245
1 3462
0.617861935291 0.979573579842
Name : 0_nasal
Subset 1 : set([1])
Subset 0 : set([0])
Best nc : 2
Best ng : 0.025
Best acc : 0.979573579842
Best f1 : [ 0.98825547  0.92166953]
0 429
1 2823
0 2554
1 698
0.888683886839 0.971402214022
0 1342
1 1910
0.690651906519 0.971402214022
0 1926
1 1326
0.511070110701 0.971402214022
0 1793
1 1459
0.55196801968 0.971402214022
0 2952
1 300
0 2429
1 823
0.85024600246 0.988929889299
0 1471
1 1781
0.65098400984 0.988929889299
0 2776
1 476
0.956949569496 0.988929889299
Name : 0_no
Subset 1 : set([1])
Subset 0 : set([0])
Best nc : 2
Best ng : 0.5
Best acc : 0.988929889299
Best f1 : [ 0.99386503  0.94339623]
0 1758
1 369
0 1886
1 241
0.955806299953 0.970850963799
0 1613
1 514
0.915843911613 0.970850963799
0 829
1 1298
0.767748001881 0.970850963799
0 771
1 1356
0.795016455101 0.970850963799
0 1852
1 275
0.969910672308 0.970850963799
0 1862
1 265
0.965209214857 0.970850963799
0 1418
1 709
0.824165491302 0.970850963799
0 1412
1 715
0.821344616831 0.970850963799
Name : 0_non-nasal
Subset 1 : set([1])
Subset 0 : set([0])
Best nc : 2
Best ng : 0.025
Best acc : 0.970850963799
Best f1 : [ 0.98253521  0.91193182]
0 1010
1 117
0 374
1 753
0.601597160603 0.6264418811
0 378
1 749
0.605146406389 0.6264418811
0 962
1 165
0.583850931677 0.6264418811
0 998
1 129
0 235
1 892
0 908
1 219
0.924578527063 0.938775510204
0 940
1 187
0.896184560781 0.938775510204
0 484
1 643
0.840283939663 0.938775510204
Name : 1_nasal
Subset 1 : set([0])
Subset 0 : set([1])
Best nc : 2
Best ng : 0.5
Best acc : 0.938775510204
Best f1 : [ 0.95976676  0.87198516]
0 2490
1 273
0 2640
1 123
0 2469
1 294
0.938834600072 0.983351429606
0 2567
1 196
0.966340933768 0.983351429606
0 497
1 2266
0.868982989504 0.983351429606
0 2666
1 97
0 2652
1 111
0 2653
1 110
0.985884907709 0.986246833152
0 2651
1 112
Name : 1_no
Subset 1 : set([1])
Subset 0 : set([0])
Best nc : 2
Best ng : 0.9
Best acc : 0.986608758596
Best f1 : [ 0.99298844  0.85140562]
0 3949
1 1
0 3949
1 1
0.851898734177 0.851898734177
0 3949
1 1
0.851898734177 0.851898734177
0 3949
1 1
0.851898734177 0.851898734177
0 84
1 3866
0.850632911392 0.851898734177
0 3949
1 1
0.851898734177 0.851898734177
0 3949
1 1
0.851898734177 0.851898734177
0 3288
1 662
0 3949
1 1
0.851898734177 0.919493670886
Name : 1_non-nasal
Subset 1 : set([1])
Subset 0 : set([0])
Best nc : 2
Best ng : 0.8
Best acc : 0.919493670886
Best f1 : [ 0.9522092   0.74478331]
0 1591
1 1
0 1591
1 1
0.765075376884 0.765075376884
0 1591
1 1
0.765075376884 0.765075376884
0 1591
1 1
0.765075376884 0.765075376884
0 272
1 1320
0 1468
1 124
0.842336683417 0.935301507538
0 1467
1 125
0.842964824121 0.935301507538
0 1382
1 210
0.89635678392 0.935301507538
0 1301
1 291
Name : 2_nasal
Subset 1 : set([1])
Subset 0 : set([0])
Best nc : 2
Best ng : 0.9
Best acc : 0.947236180905
Best f1 : [ 0.96664019  0.87387387]
0 2245
1 1
0 1969
1 277
0 1686
1 560
0.903383793411 0.968833481745
0 1940
1 306
0 1960
1 286
0.973731077471 0.981745325022
0 1653
1 593
0.888691006233 0.981745325022
0 1960
1 286
0.973731077471 0.981745325022
0 1960
1 286
0.973731077471 0.981745325022
0 1442
1 804
0.794746215494 0.981745325022
Name : 2_no
Subset 1 : set([1])
Subset 0 : set([0])
Best nc : 2
Best ng : 0.1
Best acc : 0.981745325022
Best f1 : [ 0.98933125  0.93682589]
0 2178
1 135
0 1598
1 715
0 1059
1 1254
0.643320363165 0.885862516213
0 1980
1 333
0 2312
1 1
0.789883268482 0.934284479032
0 1929
1 384
0 1976
1 337
0.936013834847 0.954604409857
0 1976
1 337
0.936013834847 0.954604409857
0 1978
1 335
0.935149156939 0.954604409857
Name : 2_non-nasal
Subset 1 : set([1])
Subset 0 : set([0])
Best nc : 2
Best ng : 0.5
Best acc : 0.954604409857
Best f1 : [ 0.97205217  0.87917146]
0 555
1 1
0 286
1 270
0.508992805755 0.568345323741
0 285
1 271
0.528776978417 0.568345323741
0 272
1 284
0.512589928058 0.568345323741
0 271
1 285
0.503597122302 0.568345323741
0 365
1 191
0.521582733813 0.568345323741
0 275
1 281
0.521582733813 0.568345323741
0 372
1 184
0.51618705036 0.568345323741
0 236
1 320
0.544964028777 0.568345323741
Name : 3_nasal
Subset 1 : set([1])
Subset 0 : set([0])
Best nc : 2
Best ng : 0.025
Best acc : 0.568345323741
Best f1 : [ 0.72413793  0.00826446]
0 2383
1 328
0 1110
1 1601
0.675396532645 0.985245296938
0 853
1 1858
0.783474732571 0.985245296938
0 2443
1 268
0.980081150867 0.985245296938
0 2436
1 275
0.97971228329 0.985245296938
0 536
1 2175
0.919586868314 0.985245296938
0 2423
1 288
0.982294356326 0.985245296938
0 2472
1 239
0.9701217263 0.985245296938
0 2428
1 283
0.981187753596 0.985245296938
Name : 3_no
Subset 1 : set([1])
Subset 0 : set([0])
Best nc : 2
Best ng : 0.025
Best acc : 0.985245296938
Best f1 : [ 0.99162479  0.9380805 ]
0 2179
1 1
0 2179
1 1
0.828440366972 0.828440366972
0 2179
1 1
0.828440366972 0.828440366972
0 2179
1 1
0.828440366972 0.828440366972
0 2014
1 166
0 2179
1 1
0.828440366972 0.904128440367
0 2000
1 180
0 1999
1 181
0 1982
1 198
Name : 3_non-nasal
Subset 1 : set([1])
Subset 0 : set([0])
Best nc : 2
Best ng : 0.9
Best acc : 0.916972477064
Best f1 : [ 0.95223014  0.68301226]
0 1531
1 396
0 1924
1 3
0 1643
1 284
0.657498702647 0.803321224702
0 1783
1 144
0.741567202906 0.803321224702
0 1685
1 242
0 1685
1 242
0.93046185781 0.93046185781
0 1651
1 276
0 360
1 1567
0.903476907109 0.947067981318
0 1426
1 501
0.544888427608 0.947067981318
Name : 4_nasal
Subset 1 : set([1])
Subset 0 : set([0])
Best nc : 2
Best ng : 0.75
Best acc : 0.947067981318
Best f1 : [ 0.96814491  0.84355828]
0 800
1 50
0 786
1 64
0.803529411765 0.82
0 763
1 87
0.776470588235 0.82
0 780
1 70
0 780
1 70
0.961176470588 0.961176470588
0 780
1 70
0.961176470588 0.961176470588
0 206
1 644
0.878823529412 0.961176470588
0 754
1 96
0 747
1 103
Name : 4_no
Subset 1 : set([1])
Subset 0 : set([0])
Best nc : 2
Best ng : 0.9
Best acc : 0.992941176471
Best f1 : [ 0.99598394  0.97087379]
0 148
1 132
0 138
1 142
0.525 0.596428571429
0 143
1 137
0.557142857143 0.596428571429
0 132
1 148
0.510714285714 0.596428571429
0 139
1 141
0.507142857143 0.596428571429
0 138
1 142
0.546428571429 0.596428571429
0 137
1 143
0.507142857143 0.596428571429
0 137
1 143
0.514285714286 0.596428571429
0 118
1 162
0.510714285714 0.596428571429
Name : 4_non-nasal
Subset 1 : set([0])
Subset 0 : set([1])
Best nc : 2
Best ng : 0.025
Best acc : 0.596428571429
Best f1 : [ 0.66268657  0.49777778]
